SF:lib\src\extensions\context_extension_helpers.dart
DA:65,2
DA:83,3
DA:106,3
DA:118,2
DA:132,0
DA:146,1
DA:147,3
DA:158,1
DA:159,3
DA:170,4
DA:181,4
DA:199,0
DA:200,0
DA:210,0
DA:215,0
DA:233,0
DA:237,0
DA:240,0
DA:263,0
DA:264,0
DA:279,2
DA:305,0
DA:312,0
DA:313,0
DA:314,0
DA:328,0
DA:329,0
DA:342,0
DA:343,0
DA:357,0
DA:358,0
DA:372,0
DA:373,0
DA:404,0
DA:405,0
DA:424,0
DA:431,0
DA:433,0
DA:434,0
DA:435,0
DA:436,0
DA:437,0
DA:438,0
DA:439,0
DA:441,0
DA:442,0
DA:444,0
DA:446,0
DA:469,0
DA:470,0
DA:484,0
DA:498,0
DA:512,4
DA:522,4
DA:535,0
DA:549,0
DA:560,0
LF:57
LH:13
end_of_record
SF:lib\src\extensions\responsive_extension.dart
DA:46,4
DA:57,4
DA:70,2
DA:83,2
DA:94,2
DA:115,0
DA:160,1
DA:171,1
DA:208,0
DA:209,0
DA:211,0
DA:245,2
DA:288,2
LF:13
LH:9
end_of_record
SF:lib\src\extensions\context_extension.dart
DA:103,2
DA:138,2
DA:188,2
DA:225,3
DA:263,3
DA:300,3
DA:336,3
DA:375,1
DA:376,2
DA:387,0
DA:398,0
DA:409,0
DA:420,0
DA:454,3
DA:481,3
DA:491,3
LF:16
LH:12
end_of_record
SF:lib\src\helpers\responsive_helper.dart
DA:47,1
DA:48,1
DA:49,1
DA:51,1
DA:52,1
DA:53,2
DA:54,2
DA:55,3
DA:59,1
DA:61,2
DA:66,4
DA:71,4
DA:76,4
DA:81,1
DA:86,4
DA:91,1
DA:99,2
DA:102,1
DA:103,1
DA:104,1
DA:105,0
DA:106,1
DA:107,1
DA:108,1
DA:109,0
DA:110,1
DA:111,0
DA:112,1
DA:113,0
DA:114,1
DA:115,1
DA:116,0
DA:117,0
DA:118,0
DA:119,0
DA:123,1
DA:124,2
DA:125,3
DA:128,1
DA:129,2
DA:130,3
DA:134,1
DA:135,1
DA:138,1
DA:139,1
DA:140,0
DA:141,1
DA:143,1
DA:144,0
DA:145,1
DA:146,0
DA:147,1
DA:148,0
DA:149,1
DA:150,1
DA:151,0
DA:152,0
DA:153,0
DA:154,0
DA:158,1
DA:169,1
DA:170,1
DA:172,1
DA:174,1
DA:176,1
DA:178,1
DA:180,1
DA:182,0
DA:184,0
DA:190,2
DA:194,2
DA:197,2
DA:202,2
DA:205,0
DA:207,3
DA:209,0
DA:210,0
DA:211,0
DA:212,0
LF:79
LH:56
end_of_record
SF:lib\src\widgets\responsive_builder.dart
DA:409,1
DA:420,1
DA:422,1
DA:423,1
DA:424,1
DA:425,1
DA:429,2
DA:430,0
DA:436,1
DA:437,1
DA:438,2
DA:439,0
DA:445,4
DA:446,0
DA:452,4
DA:453,0
DA:459,4
DA:460,0
DA:466,1
DA:467,0
DA:473,1
DA:547,1
DA:555,1
DA:557,1
DA:558,1
DA:559,1
DA:562,1
DA:563,0
DA:567,1
DA:568,3
DA:572,0
DA:573,0
DA:577,0
LF:33
LH:23
end_of_record
